<?xml version="1.0" encoding="UTF-8"?>
<!-- Generated by org.testng.reporters.JUnitReportReporter -->
<testsuite hostname="BHLP-TU1-3751" failures="0" tests="1" name="Standalone.Landing_page" time="12.691" errors="0" timestamp="2022-09-11T21:45:54 IST" skipped="0">
  <testcase classname="Standalone.Landing_page" name="GetQuote" time="12.691"/>
  <system-out/>
</testsuite> <!-- Standalone.Landing_page -->
