<?xml version="1.0" encoding="UTF-8"?>
<!-- Generated by org.testng.reporters.JUnitReportReporter -->
<testsuite hostname="BHLP-TU1-3751" failures="0" tests="3" name="TESTNG.intro" time="0.020" errors="0" timestamp="2022-07-21T16:55:43 IST" skipped="0">
  <testcase classname="TESTNG.intro" name="demo" time="0.014"/>
  <system-out/>
  <testcase classname="TESTNG.intro" name="demo4" time="0.003"/>
  <system-out/>
  <testcase classname="TESTNG.intro" name="demo3" time="0.003"/>
  <system-out/>
</testsuite> <!-- TESTNG.intro -->
