<?xml version="1.0" encoding="UTF-8"?>
<!-- Generated by org.testng.reporters.JUnitReportReporter -->
<testsuite hostname="BHLP-TU1-3751" failures="0" tests="2" name="Hoxton.AddBroker" time="54.041" errors="0" timestamp="2022-07-21T17:32:44 IST" skipped="0">
  <testcase classname="Hoxton.AddBroker" name="brokerdetails" time="29.960"/>
  <system-out/>
  <testcase classname="Hoxton.AddBroker" name="searchbroker" time="24.081"/>
  <system-out/>
</testsuite> <!-- Hoxton.AddBroker -->
