<?xml version="1.0" encoding="UTF-8"?>
<!-- Generated by org.testng.reporters.JUnitReportReporter -->
<testsuite hostname="BHLP-TU1-3751" failures="0" tests="3" name="TESTNG.learn" time="0.023" errors="0" timestamp="2022-07-20T17:21:02 IST" skipped="0">
  <testcase classname="TESTNG.learn" name="teach" time="0.017"/>
  <system-out/>
  <testcase classname="TESTNG.learn" name="teachtwo" time="0.003"/>
  <system-out/>
  <testcase classname="TESTNG.learn" name="teachthree" time="0.003"/>
  <system-out/>
</testsuite> <!-- TESTNG.learn -->
