<?xml version="1.0" encoding="UTF-8"?>
<!-- Generated by org.testng.reporters.JUnitReportReporter -->
<testsuite hostname="BHLP-TU1-3751" failures="0" tests="2" name="Academy.Homepage" time="44.966" errors="0" timestamp="2022-07-31T11:47:09 IST" skipped="0">
  <testcase classname="Academy.Homepage" name="homepagenavigation" time="26.718"/>
  <system-out/>
  <testcase classname="Academy.Homepage" name="homepagenavigation" time="18.248"/>
  <system-out/>
</testsuite> <!-- Academy.Homepage -->
