<?xml version="1.0" encoding="UTF-8"?>
<!-- Generated by org.testng.reporters.JUnitReportReporter -->
<testsuite hostname="BHLP-TU1-3751" failures="0" tests="1" name="Learningtwo.Hoxtonhomepage" time="11.290" errors="0" timestamp="2022-07-29T21:09:01 IST" skipped="0">
  <testcase classname="Learningtwo.Hoxtonhomepage" name="login" time="11.290"/>
  <system-out/>
</testsuite> <!-- Learningtwo.Hoxtonhomepage -->
