<?xml version="1.0" encoding="UTF-8"?>
<!-- Generated by org.testng.reporters.JUnitReportReporter -->
<testsuite hostname="BHLP-TU1-3751" failures="0" tests="1" name="HOXTON_AUTOMATION.HOXTON_QA.ValidateBrokername" time="12.018" errors="0" timestamp="2022-08-16T20:32:10 IST" skipped="0">
  <testcase classname="HOXTON_AUTOMATION.HOXTON_QA.ValidateBrokername" name="Brokernamevalidation" time="12.018"/>
  <system-out/>
</testsuite> <!-- HOXTON_AUTOMATION.HOXTON_QA.ValidateBrokername -->
