<?xml version="1.0" encoding="UTF-8"?>
<!-- Generated by org.testng.reporters.JUnitReportReporter -->
<testsuite hostname="BHLP-TU1-3751" failures="0" tests="1" name="USER_MANGEMENT.ValidateAddNewBroker" time="23.673" errors="0" timestamp="2022-08-25T17:34:25 IST" skipped="0">
  <testcase classname="USER_MANGEMENT.ValidateAddNewBroker" name="AddNewbokers" time="23.673"/>
  <system-out/>
</testsuite> <!-- USER_MANGEMENT.ValidateAddNewBroker -->
