<?xml version="1.0" encoding="UTF-8"?>
<!-- Generated by org.testng.reporters.JUnitReportReporter -->
<testsuite hostname="BHLP-TU1-3751" failures="0" tests="1" name="HOXTON_AUTOMATION.HOXTON_QA.Addnewbroker" time="29.430" errors="0" timestamp="2022-08-03T13:24:53 IST" skipped="0">
  <testcase classname="HOXTON_AUTOMATION.HOXTON_QA.Addnewbroker" name="AddNewbokers" time="29.430"/>
  <system-out/>
</testsuite> <!-- HOXTON_AUTOMATION.HOXTON_QA.Addnewbroker -->
