<?xml version="1.0" encoding="UTF-8"?>
<!-- Generated by org.testng.reporters.JUnitReportReporter -->
<testsuite hostname="BHLP-TU1-3751" failures="0" tests="1" name="USER_MANGEMENT.ValidatesearchBrokerByUserId2" time="23.608" errors="0" timestamp="2022-10-11T16:22:29 IST" skipped="0">
  <testcase classname="USER_MANGEMENT.ValidatesearchBrokerByUserId2" name="Searchbroker" time="23.608"/>
  <system-out/>
</testsuite> <!-- USER_MANGEMENT.ValidatesearchBrokerByUserId2 -->
