<?xml version="1.0" encoding="UTF-8"?>
<!-- Generated by org.testng.reporters.JUnitReportReporter -->
<testsuite hostname="BHLP-TU1-3751" failures="0" tests="2" name="HOXTON_AUTOMATION.HOXTON_QA.ValidateLogin" time="13.005" errors="0" timestamp="2022-08-16T20:32:10 IST" skipped="0">
  <testcase classname="HOXTON_AUTOMATION.HOXTON_QA.ValidateLogin" name="homepagenavigation" time="7.313"/>
  <system-out/>
  <testcase classname="HOXTON_AUTOMATION.HOXTON_QA.ValidateLogin" name="homepagenavigation" time="5.692"/>
  <system-out/>
</testsuite> <!-- HOXTON_AUTOMATION.HOXTON_QA.ValidateLogin -->
